This is pdfTeX, Version 3.14159265-2.6-1.40.21 (TeX Live 2020/Debian) (preloaded format=pdflatex 2021.4.5)  1 JUN 2022 18:32
entering extended mode
 restricted \write18 enabled.
 %&-line parsing enabled.
**lab4-report.tex
(./lab4-report.tex
LaTeX2e <2020-10-01> patch level 4
L3 programming layer <2021-01-09> xparse <2020-03-03>
(/usr/share/texlive/texmf-dist/tex/latex/base/article.cls
Document Class: article 2020/04/10 v1.4m Standard LaTeX document class
(/usr/share/texlive/texmf-dist/tex/latex/base/size10.clo
File: size10.clo 2020/04/10 v1.4m Standard LaTeX file (size option)
)
\c@part=\count177
\c@section=\count178
\c@subsection=\count179
\c@subsubsection=\count180
\c@paragraph=\count181
\c@subparagraph=\count182
\c@figure=\count183
\c@table=\count184
\abovecaptionskip=\skip47
\belowcaptionskip=\skip48
\bibindent=\dimen138
)
(/usr/share/texlive/texmf-dist/tex/latex/base/inputenc.sty
Package: inputenc 2020/08/01 v1.3d Input encoding file
\inpenc@prehook=\toks15
\inpenc@posthook=\toks16
)
(/usr/share/texlive/texmf-dist/tex/latex/graphics/graphicx.sty
Package: graphicx 2020/09/09 v1.2b Enhanced LaTeX Graphics (DPC,SPQR)

(/usr/share/texlive/texmf-dist/tex/latex/graphics/keyval.sty
Package: keyval 2014/10/28 v1.15 key=value parser (DPC)
\KV@toks@=\toks17
)
(/usr/share/texlive/texmf-dist/tex/latex/graphics/graphics.sty
Package: graphics 2020/08/30 v1.4c Standard LaTeX Graphics (DPC,SPQR)

(/usr/share/texlive/texmf-dist/tex/latex/graphics/trig.sty
Package: trig 2016/01/03 v1.10 sin cos tan (DPC)
)
(/usr/share/texlive/texmf-dist/tex/latex/graphics-cfg/graphics.cfg
File: graphics.cfg 2016/06/04 v1.11 sample graphics configuration
)
Package graphics Info: Driver file: pdftex.def on input line 105.

(/usr/share/texlive/texmf-dist/tex/latex/graphics-def/pdftex.def
File: pdftex.def 2020/10/05 v1.2a Graphics/color driver for pdftex
))
\Gin@req@height=\dimen139
\Gin@req@width=\dimen140
)
(/usr/share/texlive/texmf-dist/tex/latex/l3backend/l3backend-pdftex.def
File: l3backend-pdftex.def 2020-01-29 L3 backend support: PDF output (pdfTeX)
\l__color_backend_stack_int=\count185
\l__pdf_internal_box=\box47
)
(./lab4-report.aux)
\openout1 = `lab4-report.aux'.

LaTeX Font Info:    Checking defaults for OML/cmm/m/it on input line 8.
LaTeX Font Info:    ... okay on input line 8.
LaTeX Font Info:    Checking defaults for OMS/cmsy/m/n on input line 8.
LaTeX Font Info:    ... okay on input line 8.
LaTeX Font Info:    Checking defaults for OT1/cmr/m/n on input line 8.
LaTeX Font Info:    ... okay on input line 8.
LaTeX Font Info:    Checking defaults for T1/cmr/m/n on input line 8.
LaTeX Font Info:    ... okay on input line 8.
LaTeX Font Info:    Checking defaults for TS1/cmr/m/n on input line 8.
LaTeX Font Info:    ... okay on input line 8.
LaTeX Font Info:    Checking defaults for OMX/cmex/m/n on input line 8.
LaTeX Font Info:    ... okay on input line 8.
LaTeX Font Info:    Checking defaults for U/cmr/m/n on input line 8.
LaTeX Font Info:    ... okay on input line 8.

(/usr/share/texlive/texmf-dist/tex/context/base/mkii/supp-pdf.mkii
[Loading MPS to PDF converter (version 2006.09.02).]
\scratchcounter=\count186
\scratchdimen=\dimen141
\scratchbox=\box48
\nofMPsegments=\count187
\nofMParguments=\count188
\everyMPshowfont=\toks18
\MPscratchCnt=\count189
\MPscratchDim=\dimen142
\MPnumerator=\count190
\makeMPintoPDFobject=\count191
\everyMPtoPDFconversion=\toks19
) (/usr/share/texlive/texmf-dist/tex/latex/epstopdf-pkg/epstopdf-base.sty
Package: epstopdf-base 2020-01-24 v2.11 Base part for package epstopdf
Package epstopdf-base Info: Redefining graphics rule for `.eps' on input line 4
85.

(/usr/share/texlive/texmf-dist/tex/latex/latexconfig/epstopdf-sys.cfg
File: epstopdf-sys.cfg 2010/07/13 v1.3 Configuration of (r)epstopdf for TeX Liv
e
))
LaTeX Font Info:    External font `cmex10' loaded for size
(Font)              <12> on input line 10.
LaTeX Font Info:    External font `cmex10' loaded for size
(Font)              <8> on input line 10.
LaTeX Font Info:    External font `cmex10' loaded for size
(Font)              <6> on input line 10.

(./lab4-report.toc
LaTeX Font Info:    External font `cmex10' loaded for size
(Font)              <7> on input line 2.
LaTeX Font Info:    External font `cmex10' loaded for size
(Font)              <5> on input line 2.
)
\tf@toc=\write3
\openout3 = `lab4-report.toc'.

 [1

{/var/lib/texmf/fonts/map/pdftex/updmap/pdftex.map}]
<gcc.png, id=11, 1258.7025pt x 41.15375pt>
File: gcc.png Graphic file (type png)
<use gcc.png>
Package pdftex.def Info: gcc.png  used on input line 18.
(pdftex.def)             Requested size: 377.61366pt x 12.3462pt.

Overfull \hbox (32.61366pt too wide) in paragraph at lines 18--19
 [] 
 []

<intelfalvor.png, id=12, 367.3725pt x 32.12pt>
File: intelfalvor.png Graphic file (type png)
<use intelfalvor.png>
Package pdftex.def Info: intelfalvor.png  used on input line 21.
(pdftex.def)             Requested size: 146.94638pt x 12.84776pt.
<hidden.png, id=13, 544.0325pt x 295.1025pt>
File: hidden.png Graphic file (type png)
<use hidden.png>
Package pdftex.def Info: hidden.png  used on input line 24.
(pdftex.def)             Requested size: 272.01558pt x 147.55087pt.
<bytes.png, id=14, 330.23375pt x 28.105pt>
File: bytes.png Graphic file (type png)
<use bytes.png>
Package pdftex.def Info: bytes.png  used on input line 31.
(pdftex.def)             Requested size: 165.11646pt x 14.05246pt.
<found.png, id=15, 413.545pt x 189.70876pt>
File: found.png Graphic file (type png)
<use found.png>
Package pdftex.def Info: found.png  used on input line 35.
(pdftex.def)             Requested size: 206.77199pt x 94.85414pt.

Overfull \hbox (4.13942pt too wide) in paragraph at lines 38--41
\OT1/cmr/m/n/10 This time we want to in-ject our own code to spawn a shell by e
x-e-cut-ing 'bin/bash'.
 []

[2 <./gcc.png> <./intelfalvor.png> <./hidden.png> <./bytes.png> <./found.png>]
<breakpoint.png, id=19, 281.05pt x 290.08376pt>
File: breakpoint.png Graphic file (type png)
<use breakpoint.png>
Package pdftex.def Info: breakpoint.png  used on input line 42.
(pdftex.def)             Requested size: 140.52464pt x 145.04152pt.
<pay2.png, id=20, 957.5775pt x 50.1875pt>
File: pay2.png Graphic file (type png)
<use pay2.png>
Package pdftex.def Info: pay2.png  used on input line 47.
(pdftex.def)             Requested size: 383.02422pt x 20.07463pt.

Overfull \hbox (38.02422pt too wide) in paragraph at lines 47--48
 [] 
 []

<shells.png, id=21, 577.15625pt x 246.9225pt>
File: shells.png Graphic file (type png)
<use shells.png>
Package pdftex.def Info: shells.png  used on input line 52.
(pdftex.def)             Requested size: 288.57741pt x 123.46094pt.
[3 <./breakpoint.png> <./pay2.png> <./shells.png>]
<system.png, id=25, 202.7575pt x 29.10875pt>
File: system.png Graphic file (type png)
<use system.png>
Package pdftex.def Info: system.png  used on input line 68.
(pdftex.def)             Requested size: 101.3785pt x 14.55434pt.
<exit.png, id=26, 190.7125pt x 33.12375pt>
File: exit.png Graphic file (type png)
<use exit.png>
Package pdftex.def Info: exit.png  used on input line 71.
(pdftex.def)             Requested size: 95.356pt x 16.56183pt.
<basha.png, id=27, 539.01375pt x 180.675pt>
File: basha.png Graphic file (type png)
<use basha.png>
Package pdftex.def Info: basha.png  used on input line 75.
(pdftex.def)             Requested size: 269.50621pt x 90.33727pt.
<bash.png, id=28, 268.00125pt x 46.1725pt>
File: bash.png Graphic file (type png)
<use bash.png>
Package pdftex.def Info: bash.png  used on input line 79.
(pdftex.def)             Requested size: 134.00029pt x 23.08618pt.
<pay.png, id=29, 659.46375pt x 33.12375pt>
File: pay.png Graphic file (type png)
<use pay.png>
Package pdftex.def Info: pay.png  used on input line 83.
(pdftex.def)             Requested size: 329.73106pt x 16.56183pt.
<pay3.png, id=30, 874.26625pt x 36.135pt>
File: pay3.png Graphic file (type png)
<use pay3.png>
Package pdftex.def Info: pay3.png  used on input line 87.
(pdftex.def)             Requested size: 437.13205pt x 18.06744pt.

Overfull \hbox (92.13205pt too wide) in paragraph at lines 87--88
 [] 
 []

[4 <./system.png> <./exit.png> <./basha.png> <./bash.png> <./pay.png> <./pay3.p
ng>]
<pay4.png, id=34, 1097.09875pt x 273.02pt>
File: pay4.png Graphic file (type png)
<use pay4.png>
Package pdftex.def Info: pay4.png  used on input line 99.
(pdftex.def)             Requested size: 438.83173pt x 109.20605pt.

Overfull \hbox (93.83173pt too wide) in paragraph at lines 99--100
 [] 
 []

<pay6.png, id=35, 289.08pt x 64.24pt>
File: pay6.png Graphic file (type png)
<use pay6.png>
Package pdftex.def Info: pay6.png  used on input line 103.
(pdftex.def)             Requested size: 144.53964pt x 32.11992pt.
[5 <./pay4.png> <./pay6.png>] (./lab4-report.aux) ) 
Here is how much of TeX's memory you used:
 1339 strings out of 479304
 20239 string characters out of 5869780
 297158 words of memory out of 5000000
 18545 multiletter control sequences out of 15000+600000
 407685 words of font info for 41 fonts, out of 8000000 for 9000
 1141 hyphenation exceptions out of 8191
 68i,6n,74p,336b,191s stack positions out of 5000i,500n,10000p,200000b,80000s
</usr/share/texlive/texmf-di
st/fonts/type1/public/amsfonts/cm/cmbx10.pfb></usr/share/texlive/texmf-dist/fon
ts/type1/public/amsfonts/cm/cmbx12.pfb></usr/share/texlive/texmf-dist/fonts/typ
e1/public/amsfonts/cm/cmr10.pfb></usr/share/texlive/texmf-dist/fonts/type1/publ
ic/amsfonts/cm/cmr12.pfb></usr/share/texlive/texmf-dist/fonts/type1/public/amsf
onts/cm/cmr17.pfb>
Output written on lab4-report.pdf (5 pages, 455268 bytes).
PDF statistics:
 56 PDF objects out of 1000 (max. 8388607)
 27 compressed objects within 1 object stream
 0 named destinations out of 1000 (max. 500000)
 81 words of extra memory for PDF output out of 10000 (max. 10000000)

